<?xml version="1.0" encoding="UTF-8"?>
<!-- Generated by org.testng.reporters.JUnitReportReporter -->
<testsuite skipped="0" hostname="DESKTOP-VTBT3RG" name="Testcase.FaceabookLogout" tests="1" failures="0" timestamp="2022-10-29T11:10:01 IST" time="2.375" errors="0">
  <testcase name="Logout" time="2.375" classname="Testcase.FaceabookLogout"/>
  <system-out/>
</testsuite> <!-- Testcase.FaceabookLogout -->
