<?xml version="1.0" encoding="UTF-8"?>
<!-- Generated by org.testng.reporters.JUnitReportReporter -->
<testsuite skipped="0" hostname="DESKTOP-VTBT3RG" name="TestNgpackage.Testngannotate" tests="1" failures="0" timestamp="2022-10-22T11:32:36 IST" time="0.008" errors="0">
  <testcase name="Testcase2" time="0.008" classname="TestNgpackage.Testngannotate"/>
  <system-out/>
</testsuite> <!-- TestNgpackage.Testngannotate -->
