<?xml version="1.0" encoding="UTF-8"?>
<!-- Generated by org.testng.reporters.JUnitReportReporter -->
<testsuite skipped="2" hostname="DESKTOP-VTBT3RG" name="Testcase.Facebooklogin" tests="5" failures="0" timestamp="2022-10-30T11:26:07 IST" time="83.727" errors="0">
  <testcase name="facebookloginandlogoutPOM" time="8.538" classname="Testcase.Facebooklogin"/>
  <system-out/>
  <testcase name="facebookloginandlogoutPOM" time="65.777" classname="Testcase.Facebooklogin"/>
  <system-out/>
  <testcase name="facebookloginandlogoutPOM" time="9.412" classname="Testcase.Facebooklogin"/>
  <system-out/>
  <testcase name="facebooklogin" classname="Testcase.Facebooklogin">
    <skipped/>
  </testcase> <!-- facebooklogin -->
  <system-out/>
  <testcase name="facebookloginandlogout" classname="Testcase.Facebooklogin">
    <skipped/>
  </testcase> <!-- facebookloginandlogout -->
  <system-out/>
</testsuite> <!-- Testcase.Facebooklogin -->
