<?xml version="1.0" encoding="UTF-8"?>
<!-- Generated by org.testng.reporters.JUnitReportReporter -->
<testsuite skipped="0" hostname="DESKTOP-VTBT3RG" name="TestNgpackage.TestngAnnotation2" tests="1" failures="0" timestamp="2022-10-27T17:01:46 IST" time="0.001" errors="0">
  <testcase name="Testcase3" time="0.001" classname="TestNgpackage.TestngAnnotation2"/>
  <system-out/>
</testsuite> <!-- TestNgpackage.TestngAnnotation2 -->
