<?xml version="1.0" encoding="UTF-8"?>
<!-- Generated by org.testng.reporters.JUnitReportReporter -->
<testsuite skipped="0" hostname="DESKTOP-VTBT3RG" name="TestNgpackage.TestngAnnotaion3" tests="2" failures="0" timestamp="2022-10-27T17:01:31 IST" time="0.006" errors="0">
  <testcase name="Testcase4" time="0.001" classname="TestNgpackage.TestngAnnotaion3"/>
  <system-out/>
  <testcase name="Testcase5" time="0.005" classname="TestNgpackage.TestngAnnotaion3"/>
  <system-out/>
</testsuite> <!-- TestNgpackage.TestngAnnotaion3 -->
