<?xml version="1.0" encoding="UTF-8"?>
<!-- Generated by org.testng.reporters.JUnitReportReporter -->
<testsuite skipped="1" hostname="DESKTOP-VTBT3RG" name="Testcase.Facebooklogin" tests="4" failures="0" timestamp="2022-10-29T11:42:49 IST" time="26.278" errors="0">
  <testcase name="facebookloginandlogout" time="9.474" classname="Testcase.Facebooklogin"/>
  <system-out/>
  <testcase name="facebookloginandlogout" time="7.665" classname="Testcase.Facebooklogin"/>
  <system-out/>
  <testcase name="facebookloginandlogout" time="9.139" classname="Testcase.Facebooklogin"/>
  <system-out/>
  <testcase name="facebooklogin" classname="Testcase.Facebooklogin">
    <skipped/>
  </testcase> <!-- facebooklogin -->
  <system-out/>
</testsuite> <!-- Testcase.Facebooklogin -->
